==3593== Memcheck, a memory error detector
==3593== Copyright (C) 2002-2017, and GNU GPL'd, by Julian Seward et al.
==3593== Using Valgrind-3.13.0 and LibVEX; rerun with -h for copyright info
==3593== Command: /home/damian/Desktop/gofl_final/a.out
==3593== Parent PID: 2414
==3593== 
--3593-- 
--3593-- Valgrind options:
--3593--    -v
--3593--    --tool=memcheck
--3593--    --leak-check=full
--3593--    --num-callers=40
--3593--    --log-file=valgrind.log
--3593-- Contents of /proc/version:
--3593--   Linux version 4.15.0-42-generic (buildd@lgw01-amd64-023) (gcc version 7.3.0 (Ubuntu 7.3.0-16ubuntu3)) #45-Ubuntu SMP Thu Nov 15 19:32:57 UTC 2018
--3593-- 
--3593-- Arch and hwcaps: AMD64, LittleEndian, amd64-cx16-rdtscp-sse3-avx
--3593-- Page sizes: currently 4096, max supported 4096
--3593-- Valgrind library directory: /usr/lib/valgrind
--3593-- Reading syms from /home/damian/Desktop/gofl_final/a.out
--3593-- Reading syms from /lib/x86_64-linux-gnu/ld-2.27.so
--3593--   Considering /lib/x86_64-linux-gnu/ld-2.27.so ..
--3593--   .. CRC mismatch (computed 1b7c895e wanted 2943108a)
--3593--   Considering /usr/lib/debug/lib/x86_64-linux-gnu/ld-2.27.so ..
--3593--   .. CRC is valid
--3593-- Reading syms from /usr/lib/valgrind/memcheck-amd64-linux
--3593--   Considering /usr/lib/valgrind/memcheck-amd64-linux ..
--3593--   .. CRC mismatch (computed c25f395c wanted 0a9602a8)
--3593--    object doesn't have a symbol table
--3593--    object doesn't have a dynamic symbol table
--3593-- Scheduler: using generic scheduler lock implementation.
--3593-- Reading suppressions file: /usr/lib/valgrind/default.supp
==3593== embedded gdbserver: reading from /tmp/vgdb-pipe-from-vgdb-to-3593-by-damian-on-???
==3593== embedded gdbserver: writing to   /tmp/vgdb-pipe-to-vgdb-from-3593-by-damian-on-???
==3593== embedded gdbserver: shared mem   /tmp/vgdb-pipe-shared-mem-vgdb-3593-by-damian-on-???
==3593== 
==3593== TO CONTROL THIS PROCESS USING vgdb (which you probably
==3593== don't want to do, unless you know exactly what you're doing,
==3593== or are doing some strange experiment):
==3593==   /usr/lib/valgrind/../../bin/vgdb --pid=3593 ...command...
==3593== 
==3593== TO DEBUG THIS PROCESS USING GDB: start GDB like this
==3593==   /path/to/gdb /home/damian/Desktop/gofl_final/a.out
==3593== and then give GDB the following command
==3593==   target remote | /usr/lib/valgrind/../../bin/vgdb --pid=3593
==3593== --pid is optional if only one valgrind process is running
==3593== 
--3593-- REDIR: 0x401f2f0 (ld-linux-x86-64.so.2:strlen) redirected to 0x58060901 (???)
--3593-- REDIR: 0x401f0d0 (ld-linux-x86-64.so.2:index) redirected to 0x5806091b (???)
--3593-- Reading syms from /usr/lib/valgrind/vgpreload_core-amd64-linux.so
--3593--   Considering /usr/lib/valgrind/vgpreload_core-amd64-linux.so ..
--3593--   .. CRC mismatch (computed 4b63d83e wanted 670599e6)
--3593--    object doesn't have a symbol table
--3593-- Reading syms from /usr/lib/valgrind/vgpreload_memcheck-amd64-linux.so
--3593--   Considering /usr/lib/valgrind/vgpreload_memcheck-amd64-linux.so ..
--3593--   .. CRC mismatch (computed a4b37bee wanted 8ad4dc94)
--3593--    object doesn't have a symbol table
==3593== WARNING: new redirection conflicts with existing -- ignoring it
--3593--     old: 0x0401f2f0 (strlen              ) R-> (0000.0) 0x58060901 ???
--3593--     new: 0x0401f2f0 (strlen              ) R-> (2007.0) 0x04c32db0 strlen
--3593-- REDIR: 0x401d360 (ld-linux-x86-64.so.2:strcmp) redirected to 0x4c33ee0 (strcmp)
--3593-- REDIR: 0x401f830 (ld-linux-x86-64.so.2:mempcpy) redirected to 0x4c374f0 (mempcpy)
--3593-- Reading syms from /lib/x86_64-linux-gnu/libm-2.27.so
--3593--   Considering /lib/x86_64-linux-gnu/libm-2.27.so ..
--3593--   .. CRC mismatch (computed 7feae033 wanted b29b2508)
--3593--   Considering /usr/lib/debug/lib/x86_64-linux-gnu/libm-2.27.so ..
--3593--   .. CRC is valid
--3593-- Reading syms from /lib/x86_64-linux-gnu/libpthread-2.27.so
--3593--   Considering /usr/lib/debug/.build-id/28/c6aade70b2d40d1f0f3d0a1a0cad1ab816448f.debug ..
--3593--   .. build-id is valid
--3593-- Reading syms from /lib/x86_64-linux-gnu/libc-2.27.so
--3593--   Considering /lib/x86_64-linux-gnu/libc-2.27.so ..
--3593--   .. CRC mismatch (computed b1c74187 wanted 042cc048)
--3593--   Considering /usr/lib/debug/lib/x86_64-linux-gnu/libc-2.27.so ..
--3593--   .. CRC is valid
--3593-- REDIR: 0x5497c70 (libc.so.6:memmove) redirected to 0x4a2a6e0 (_vgnU_ifunc_wrapper)
--3593-- REDIR: 0x5496d40 (libc.so.6:strncpy) redirected to 0x4a2a6e0 (_vgnU_ifunc_wrapper)
--3593-- REDIR: 0x5497f50 (libc.so.6:strcasecmp) redirected to 0x4a2a6e0 (_vgnU_ifunc_wrapper)
--3593-- REDIR: 0x5496790 (libc.so.6:strcat) redirected to 0x4a2a6e0 (_vgnU_ifunc_wrapper)
--3593-- REDIR: 0x5496d70 (libc.so.6:rindex) redirected to 0x4a2a6e0 (_vgnU_ifunc_wrapper)
--3593-- REDIR: 0x54997c0 (libc.so.6:rawmemchr) redirected to 0x4a2a6e0 (_vgnU_ifunc_wrapper)
--3593-- REDIR: 0x5497de0 (libc.so.6:mempcpy) redirected to 0x4a2a6e0 (_vgnU_ifunc_wrapper)
--3593-- REDIR: 0x5497c10 (libc.so.6:bcmp) redirected to 0x4a2a6e0 (_vgnU_ifunc_wrapper)
--3593-- REDIR: 0x5496d00 (libc.so.6:strncmp) redirected to 0x4a2a6e0 (_vgnU_ifunc_wrapper)
--3593-- REDIR: 0x5496800 (libc.so.6:strcmp) redirected to 0x4a2a6e0 (_vgnU_ifunc_wrapper)
--3593-- REDIR: 0x5497d40 (libc.so.6:memset) redirected to 0x4a2a6e0 (_vgnU_ifunc_wrapper)
--3593-- REDIR: 0x54b50f0 (libc.so.6:wcschr) redirected to 0x4a2a6e0 (_vgnU_ifunc_wrapper)
--3593-- REDIR: 0x5496ca0 (libc.so.6:strnlen) redirected to 0x4a2a6e0 (_vgnU_ifunc_wrapper)
--3593-- REDIR: 0x5496870 (libc.so.6:strcspn) redirected to 0x4a2a6e0 (_vgnU_ifunc_wrapper)
--3593-- REDIR: 0x5497fa0 (libc.so.6:strncasecmp) redirected to 0x4a2a6e0 (_vgnU_ifunc_wrapper)
--3593-- REDIR: 0x5496840 (libc.so.6:strcpy) redirected to 0x4a2a6e0 (_vgnU_ifunc_wrapper)
--3593-- REDIR: 0x54980e0 (libc.so.6:memcpy@@GLIBC_2.14) redirected to 0x4a2a6e0 (_vgnU_ifunc_wrapper)
--3593-- REDIR: 0x5496da0 (libc.so.6:strpbrk) redirected to 0x4a2a6e0 (_vgnU_ifunc_wrapper)
--3593-- REDIR: 0x54967c0 (libc.so.6:index) redirected to 0x4a2a6e0 (_vgnU_ifunc_wrapper)
--3593-- REDIR: 0x5496c70 (libc.so.6:strlen) redirected to 0x4a2a6e0 (_vgnU_ifunc_wrapper)
--3593-- REDIR: 0x54a16c0 (libc.so.6:memrchr) redirected to 0x4a2a6e0 (_vgnU_ifunc_wrapper)
--3593-- REDIR: 0x5497ff0 (libc.so.6:strcasecmp_l) redirected to 0x4a2a6e0 (_vgnU_ifunc_wrapper)
--3593-- REDIR: 0x5497be0 (libc.so.6:memchr) redirected to 0x4a2a6e0 (_vgnU_ifunc_wrapper)
--3593-- REDIR: 0x54b5eb0 (libc.so.6:wcslen) redirected to 0x4a2a6e0 (_vgnU_ifunc_wrapper)
--3593-- REDIR: 0x5497050 (libc.so.6:strspn) redirected to 0x4a2a6e0 (_vgnU_ifunc_wrapper)
--3593-- REDIR: 0x5497f20 (libc.so.6:stpncpy) redirected to 0x4a2a6e0 (_vgnU_ifunc_wrapper)
--3593-- REDIR: 0x5497ef0 (libc.so.6:stpcpy) redirected to 0x4a2a6e0 (_vgnU_ifunc_wrapper)
--3593-- REDIR: 0x54997f0 (libc.so.6:strchrnul) redirected to 0x4a2a6e0 (_vgnU_ifunc_wrapper)
--3593-- REDIR: 0x5498040 (libc.so.6:strncasecmp_l) redirected to 0x4a2a6e0 (_vgnU_ifunc_wrapper)
--3593-- REDIR: 0x5496cd0 (libc.so.6:strncat) redirected to 0x4a2a6e0 (_vgnU_ifunc_wrapper)
--3593-- REDIR: 0x552a8a0 (libc.so.6:__memcpy_chk) redirected to 0x4a2a6e0 (_vgnU_ifunc_wrapper)
--3593-- REDIR: 0x5497b20 (libc.so.6:strstr) redirected to 0x4a2a6e0 (_vgnU_ifunc_wrapper)
--3593-- REDIR: 0x54aa330 (libc.so.6:__strrchr_sse2) redirected to 0x4c32790 (__strrchr_sse2)
--3593-- REDIR: 0x5490070 (libc.so.6:malloc) redirected to 0x4c2faa0 (malloc)
--3593-- REDIR: 0x54a2e70 (libc.so.6:__strcmp_sse2_unaligned) redirected to 0x4c33da0 (strcmp)
--3593-- REDIR: 0x54aa120 (libc.so.6:__strchrnul_sse2) redirected to 0x4c37020 (strchrnul)
--3593-- REDIR: 0x54aa620 (libc.so.6:__strlen_sse2) redirected to 0x4c32d30 (__strlen_sse2)
--3593-- REDIR: 0x54b4440 (libc.so.6:__mempcpy_sse2_unaligned) redirected to 0x4c37130 (mempcpy)
--3593-- REDIR: 0x5490950 (libc.so.6:free) redirected to 0x4c30cd0 (free)
--3593-- REDIR: 0x5497590 (libc.so.6:__GI_strstr) redirected to 0x4c37760 (__strstr_sse2)
--3593-- REDIR: 0x54a4ca0 (libc.so.6:__rawmemchr_sse2) redirected to 0x4c37050 (rawmemchr)
--3593-- REDIR: 0x5493030 (libc.so.6:calloc) redirected to 0x4c31a70 (calloc)
--3593-- REDIR: 0x557e510 (libc.so.6:__strncmp_sse42) redirected to 0x4c33570 (__strncmp_sse42)
--3593-- REDIR: 0x54aa7c0 (libc.so.6:__strnlen_sse2) redirected to 0x4c32c90 (strnlen)
--3593-- REDIR: 0x54a9f00 (libc.so.6:__strchr_sse2) redirected to 0x4c328d0 (__strchr_sse2)
--3593-- REDIR: 0x54b4460 (libc.so.6:memcpy@GLIBC_2.2.5) redirected to 0x4c34060 (memcpy@GLIBC_2.2.5)
--3593-- REDIR: 0x54af540 (libc.so.6:__strcpy_sse2_unaligned) redirected to 0x4c32dd0 (strcpy)
--3593-- REDIR: 0x54b4450 (libc.so.6:__memcpy_chk_sse2_unaligned) redirected to 0x4c375e0 (__memcpy_chk)
--3593-- REDIR: 0x5491c30 (libc.so.6:realloc) redirected to 0x4c31cb0 (realloc)
--3593-- REDIR: 0x54afb70 (libc.so.6:__strncpy_sse2_unaligned) redirected to 0x4c332e0 (__strncpy_sse2_unaligned)
--3593-- REDIR: 0x5588fc0 (libc.so.6:__memcmp_sse4_1) redirected to 0x4c35d50 (__memcmp_sse4_1)
--3593-- REDIR: 0x54b3db0 (libc.so.6:__strstr_sse2_unaligned) redirected to 0x4c376e0 (strstr)
--3593-- REDIR: 0x54b4870 (libc.so.6:__memset_sse2_unaligned) redirected to 0x4c365d0 (memset)
==3593== 
==3593== HEAP SUMMARY:
==3593==     in use at exit: 90,116 bytes in 360 blocks
==3593==   total heap usage: 380 allocs, 20 frees, 110,550 bytes allocated
==3593== 
==3593== Searching for pointers to 360 not-freed blocks
==3593== Checked 8,597,872 bytes
==3593== 
==3593== 272 bytes in 1 blocks are possibly lost in loss record 20 of 40
==3593==    at 0x4C31B25: calloc (in /usr/lib/valgrind/vgpreload_memcheck-amd64-linux.so)
==3593==    by 0x40134A6: allocate_dtv (dl-tls.c:286)
==3593==    by 0x40134A6: _dl_allocate_tls (dl-tls.c:530)
==3593==    by 0x51E2227: allocate_stack (allocatestack.c:627)
==3593==    by 0x51E2227: pthread_create@@GLIBC_2.2.5 (pthread_create.c:644)
==3593==    by 0x10A217: game (main.c:66)
==3593==    by 0x51E16DA: start_thread (pthread_create.c:463)
==3593==    by 0x551A88E: clone (clone.S:95)
==3593== 
==3593== LEAK SUMMARY:
==3593==    definitely lost: 0 bytes in 0 blocks
==3593==    indirectly lost: 0 bytes in 0 blocks
==3593==      possibly lost: 272 bytes in 1 blocks
==3593==    still reachable: 89,844 bytes in 359 blocks
==3593==         suppressed: 0 bytes in 0 blocks
==3593== Reachable blocks (those to which a pointer was found) are not shown.
==3593== To see them, rerun with: --leak-check=full --show-leak-kinds=all
==3593== 
==3593== ERROR SUMMARY: 1 errors from 1 contexts (suppressed: 0 from 0)
==3593== ERROR SUMMARY: 1 errors from 1 contexts (suppressed: 0 from 0)
